2015-05-09 15:49:41,230 [main] WARN  Sisu - Error injecting: org.apache.maven.archetype.common.DefaultPomManager
java.lang.NoClassDefFoundError: org/dom4j/DocumentException
	at java.lang.Class.getDeclaredMethods0(Native Method) [na:1.8.0_25]
	at java.lang.Class.privateGetDeclaredMethods(Unknown Source) [na:1.8.0_25]
	at java.lang.Class.getDeclaredMethods(Unknown Source) [na:1.8.0_25]
	at com.google.inject.spi.InjectionPoint.getInjectionPoints(InjectionPoint.java:674) ~[sisu-guice-3.1.3-no_aop.jar:3.1.3]
	at com.google.inject.spi.InjectionPoint.forInstanceMethodsAndFields(InjectionPoint.java:366) ~[sisu-guice-3.1.3-no_aop.jar:3.1.3]
	at com.google.inject.internal.ConstructorBindingImpl.getInternalDependencies(ConstructorBindingImpl.java:165) ~[sisu-guice-3.1.3-no_aop.jar:3.1.3]
	at com.google.inject.internal.InjectorImpl.getInternalDependencies(InjectorImpl.java:609) [sisu-guice-3.1.3-no_aop.jar:3.1.3]
	at com.google.inject.internal.InjectorImpl.cleanup(InjectorImpl.java:565) [sisu-guice-3.1.3-no_aop.jar:3.1.3]
	at com.google.inject.internal.InjectorImpl.initializeJitBinding(InjectorImpl.java:551) [sisu-guice-3.1.3-no_aop.jar:3.1.3]
	at com.google.inject.internal.InjectorImpl.createJustInTimeBinding(InjectorImpl.java:865) [sisu-guice-3.1.3-no_aop.jar:3.1.3]
	at com.google.inject.internal.InjectorImpl.createJustInTimeBindingRecursive(InjectorImpl.java:790) [sisu-guice-3.1.3-no_aop.jar:3.1.3]
	at com.google.inject.internal.InjectorImpl.getJustInTimeBinding(InjectorImpl.java:278) [sisu-guice-3.1.3-no_aop.jar:3.1.3]
	at com.google.inject.internal.InjectorImpl.getBindingOrThrow(InjectorImpl.java:210) [sisu-guice-3.1.3-no_aop.jar:3.1.3]
	at com.google.inject.internal.InjectorImpl.getProviderOrThrow(InjectorImpl.java:986) [sisu-guice-3.1.3-no_aop.jar:3.1.3]
	at com.google.inject.internal.InjectorImpl.getProvider(InjectorImpl.java:1019) [sisu-guice-3.1.3-no_aop.jar:3.1.3]
	at com.google.inject.internal.InjectorImpl.getProvider(InjectorImpl.java:982) [sisu-guice-3.1.3-no_aop.jar:3.1.3]
	at com.google.inject.internal.InjectorImpl.getInstance(InjectorImpl.java:1032) [sisu-guice-3.1.3-no_aop.jar:3.1.3]
	at org.eclipse.sisu.space.AbstractDeferredClass.get(AbstractDeferredClass.java:48) [org.eclipse.sisu.inject-0.0.0.M5.jar:na]
	at com.google.inject.internal.ProviderInternalFactory.provision(ProviderInternalFactory.java:86) [sisu-guice-3.1.3-no_aop.jar:3.1.3]
	at com.google.inject.internal.InternalFactoryToInitializableAdapter.provision(InternalFactoryToInitializableAdapter.java:55) [sisu-guice-3.1.3-no_aop.jar:3.1.3]
	at com.google.inject.internal.ProviderInternalFactory$1.call(ProviderInternalFactory.java:70) [sisu-guice-3.1.3-no_aop.jar:3.1.3]
	at com.google.inject.internal.ProvisionListenerStackCallback$Provision.provision(ProvisionListenerStackCallback.java:100) [sisu-guice-3.1.3-no_aop.jar:3.1.3]
	at com.google.inject.internal.ProvisionListenerStackCallback$Provision.provision(ProvisionListenerStackCallback.java:116) [sisu-guice-3.1.3-no_aop.jar:3.1.3]
	at com.google.inject.internal.ProvisionListenerStackCallback.provision(ProvisionListenerStackCallback.java:55) [sisu-guice-3.1.3-no_aop.jar:3.1.3]
	at com.google.inject.internal.ProviderInternalFactory.circularGet(ProviderInternalFactory.java:68) [sisu-guice-3.1.3-no_aop.jar:3.1.3]
	at com.google.inject.internal.InternalFactoryToInitializableAdapter.get(InternalFactoryToInitializableAdapter.java:47) [sisu-guice-3.1.3-no_aop.jar:3.1.3]
	at com.google.inject.internal.ProviderToInternalFactoryAdapter$1.call(ProviderToInternalFactoryAdapter.java:46) [sisu-guice-3.1.3-no_aop.jar:3.1.3]
	at com.google.inject.internal.InjectorImpl.callInContext(InjectorImpl.java:1054) [sisu-guice-3.1.3-no_aop.jar:3.1.3]
	at com.google.inject.internal.ProviderToInternalFactoryAdapter.get(ProviderToInternalFactoryAdapter.java:40) [sisu-guice-3.1.3-no_aop.jar:3.1.3]
	at com.google.inject.Scopes$1$1.get(Scopes.java:59) [sisu-guice-3.1.3-no_aop.jar:3.1.3]
	at com.google.inject.internal.InternalFactoryToProviderAdapter.get(InternalFactoryToProviderAdapter.java:41) [sisu-guice-3.1.3-no_aop.jar:3.1.3]
	at com.google.inject.internal.InjectorImpl$2$1.call(InjectorImpl.java:997) [sisu-guice-3.1.3-no_aop.jar:3.1.3]
	at com.google.inject.internal.InjectorImpl.callInContext(InjectorImpl.java:1054) [sisu-guice-3.1.3-no_aop.jar:3.1.3]
	at com.google.inject.internal.InjectorImpl$2.get(InjectorImpl.java:993) [sisu-guice-3.1.3-no_aop.jar:3.1.3]
	at org.eclipse.sisu.inject.LazyBeanEntry.getValue(LazyBeanEntry.java:82) [org.eclipse.sisu.inject-0.0.0.M5.jar:na]
	at org.eclipse.sisu.plexus.LazyPlexusBean.getValue(LazyPlexusBean.java:51) [org.eclipse.sisu.plexus-0.0.0.M5.jar:na]
	at org.eclipse.sisu.plexus.PlexusRequirements$RequirementProvider.get(PlexusRequirements.java:250) [org.eclipse.sisu.plexus-0.0.0.M5.jar:na]
	at org.eclipse.sisu.plexus.ProvidedPropertyBinding.injectProperty(ProvidedPropertyBinding.java:48) [org.eclipse.sisu.plexus-0.0.0.M5.jar:na]
	at org.eclipse.sisu.bean.BeanInjector.injectMembers(BeanInjector.java:52) [org.eclipse.sisu.inject-0.0.0.M5.jar:na]
	at com.google.inject.internal.MembersInjectorImpl.injectMembers(MembersInjectorImpl.java:128) [sisu-guice-3.1.3-no_aop.jar:3.1.3]
	at com.google.inject.internal.ConstructorInjector.provision(ConstructorInjector.java:118) [sisu-guice-3.1.3-no_aop.jar:3.1.3]
	at com.google.inject.internal.ConstructorInjector.access$000(ConstructorInjector.java:32) [sisu-guice-3.1.3-no_aop.jar:3.1.3]
	at com.google.inject.internal.ConstructorInjector$1.call(ConstructorInjector.java:92) [sisu-guice-3.1.3-no_aop.jar:3.1.3]
	at com.google.inject.internal.ProvisionListenerStackCallback$Provision.provision(ProvisionListenerStackCallback.java:100) [sisu-guice-3.1.3-no_aop.jar:3.1.3]
	at com.google.inject.internal.ProvisionListenerStackCallback$Provision.provision(ProvisionListenerStackCallback.java:116) [sisu-guice-3.1.3-no_aop.jar:3.1.3]
	at com.google.inject.internal.ProvisionListenerStackCallback.provision(ProvisionListenerStackCallback.java:55) [sisu-guice-3.1.3-no_aop.jar:3.1.3]
	at com.google.inject.internal.ConstructorInjector.construct(ConstructorInjector.java:90) [sisu-guice-3.1.3-no_aop.jar:3.1.3]
	at com.google.inject.internal.ConstructorBindingImpl$Factory.get(ConstructorBindingImpl.java:269) [sisu-guice-3.1.3-no_aop.jar:3.1.3]
	at com.google.inject.internal.InjectorImpl$2$1.call(InjectorImpl.java:997) [sisu-guice-3.1.3-no_aop.jar:3.1.3]
	at com.google.inject.internal.InjectorImpl.callInContext(InjectorImpl.java:1054) [sisu-guice-3.1.3-no_aop.jar:3.1.3]
	at com.google.inject.internal.InjectorImpl$2.get(InjectorImpl.java:993) [sisu-guice-3.1.3-no_aop.jar:3.1.3]
	at com.google.inject.internal.InjectorImpl.getInstance(InjectorImpl.java:1032) [sisu-guice-3.1.3-no_aop.jar:3.1.3]
	at org.eclipse.sisu.space.AbstractDeferredClass.get(AbstractDeferredClass.java:48) [org.eclipse.sisu.inject-0.0.0.M5.jar:na]
	at com.google.inject.internal.ProviderInternalFactory.provision(ProviderInternalFactory.java:86) [sisu-guice-3.1.3-no_aop.jar:3.1.3]
	at com.google.inject.internal.InternalFactoryToInitializableAdapter.provision(InternalFactoryToInitializableAdapter.java:55) [sisu-guice-3.1.3-no_aop.jar:3.1.3]
	at com.google.inject.internal.ProviderInternalFactory$1.call(ProviderInternalFactory.java:70) [sisu-guice-3.1.3-no_aop.jar:3.1.3]
	at com.google.inject.internal.ProvisionListenerStackCallback$Provision.provision(ProvisionListenerStackCallback.java:100) [sisu-guice-3.1.3-no_aop.jar:3.1.3]
	at org.eclipse.sisu.plexus.PlexusLifecycleManager.onProvision(PlexusLifecycleManager.java:133) [org.eclipse.sisu.plexus-0.0.0.M5.jar:na]
	at com.google.inject.internal.ProvisionListenerStackCallback$Provision.provision(ProvisionListenerStackCallback.java:109) [sisu-guice-3.1.3-no_aop.jar:3.1.3]
	at com.google.inject.internal.ProvisionListenerStackCallback.provision(ProvisionListenerStackCallback.java:55) [sisu-guice-3.1.3-no_aop.jar:3.1.3]
	at com.google.inject.internal.ProviderInternalFactory.circularGet(ProviderInternalFactory.java:68) [sisu-guice-3.1.3-no_aop.jar:3.1.3]
	at com.google.inject.internal.InternalFactoryToInitializableAdapter.get(InternalFactoryToInitializableAdapter.java:47) [sisu-guice-3.1.3-no_aop.jar:3.1.3]
	at com.google.inject.internal.ProviderToInternalFactoryAdapter$1.call(ProviderToInternalFactoryAdapter.java:46) [sisu-guice-3.1.3-no_aop.jar:3.1.3]
	at com.google.inject.internal.InjectorImpl.callInContext(InjectorImpl.java:1054) [sisu-guice-3.1.3-no_aop.jar:3.1.3]
	at com.google.inject.internal.ProviderToInternalFactoryAdapter.get(ProviderToInternalFactoryAdapter.java:40) [sisu-guice-3.1.3-no_aop.jar:3.1.3]
	at com.google.inject.Scopes$1$1.get(Scopes.java:59) [sisu-guice-3.1.3-no_aop.jar:3.1.3]
	at com.google.inject.internal.InternalFactoryToProviderAdapter.get(InternalFactoryToProviderAdapter.java:41) [sisu-guice-3.1.3-no_aop.jar:3.1.3]
	at com.google.inject.internal.InjectorImpl$2$1.call(InjectorImpl.java:997) [sisu-guice-3.1.3-no_aop.jar:3.1.3]
	at com.google.inject.internal.InjectorImpl.callInContext(InjectorImpl.java:1047) [sisu-guice-3.1.3-no_aop.jar:3.1.3]
	at com.google.inject.internal.InjectorImpl$2.get(InjectorImpl.java:993) [sisu-guice-3.1.3-no_aop.jar:3.1.3]
	at org.eclipse.sisu.inject.LazyBeanEntry.getValue(LazyBeanEntry.java:82) [org.eclipse.sisu.inject-0.0.0.M5.jar:na]
	at org.eclipse.sisu.plexus.LazyPlexusBean.getValue(LazyPlexusBean.java:51) [org.eclipse.sisu.plexus-0.0.0.M5.jar:na]
	at org.codehaus.plexus.DefaultPlexusContainer.lookup(DefaultPlexusContainer.java:260) [org.eclipse.sisu.plexus-0.0.0.M5.jar:na]
	at org.codehaus.plexus.DefaultPlexusContainer.lookup(DefaultPlexusContainer.java:252) [org.eclipse.sisu.plexus-0.0.0.M5.jar:na]
	at org.codehaus.plexus.DefaultPlexusContainer.lookup(DefaultPlexusContainer.java:246) [org.eclipse.sisu.plexus-0.0.0.M5.jar:na]
	at org.eclipse.m2e.core.internal.archetype.ArchetypeManager.<init>(ArchetypeManager.java:74) [org.eclipse.m2e.core_1.5.0.20140606-0033.jar:na]
	at org.eclipse.m2e.core.internal.MavenPluginActivator.newArchetypeManager(MavenPluginActivator.java:271) [org.eclipse.m2e.core_1.5.0.20140606-0033.jar:na]
	at org.eclipse.m2e.core.internal.MavenPluginActivator.start(MavenPluginActivator.java:192) [org.eclipse.m2e.core_1.5.0.20140606-0033.jar:na]
	at org.eclipse.osgi.internal.framework.BundleContextImpl$3.run(BundleContextImpl.java:771) [org.eclipse.osgi_3.10.1.v20140909-1633.jar:na]
	at org.eclipse.osgi.internal.framework.BundleContextImpl$3.run(BundleContextImpl.java:1) [org.eclipse.osgi_3.10.1.v20140909-1633.jar:na]
	at java.security.AccessController.doPrivileged(Native Method) [na:1.8.0_25]
	at org.eclipse.osgi.internal.framework.BundleContextImpl.startActivator(BundleContextImpl.java:764) [org.eclipse.osgi_3.10.1.v20140909-1633.jar:na]
	at org.eclipse.osgi.internal.framework.BundleContextImpl.start(BundleContextImpl.java:721) [org.eclipse.osgi_3.10.1.v20140909-1633.jar:na]
	at org.eclipse.osgi.internal.framework.EquinoxBundle.startWorker0(EquinoxBundle.java:936) [org.eclipse.osgi_3.10.1.v20140909-1633.jar:na]
	at org.eclipse.osgi.internal.framework.EquinoxBundle$EquinoxModule.startWorker(EquinoxBundle.java:319) [org.eclipse.osgi_3.10.1.v20140909-1633.jar:na]
	at org.eclipse.osgi.container.Module.doStart(Module.java:571) [org.eclipse.osgi_3.10.1.v20140909-1633.jar:na]
	at org.eclipse.osgi.container.Module.start(Module.java:439) [org.eclipse.osgi_3.10.1.v20140909-1633.jar:na]
	at org.eclipse.osgi.framework.util.SecureAction.start(SecureAction.java:454) [org.eclipse.osgi_3.10.1.v20140909-1633.jar:na]
	at org.eclipse.osgi.internal.hooks.EclipseLazyStarter.postFindLocalClass(EclipseLazyStarter.java:107) [org.eclipse.osgi_3.10.1.v20140909-1633.jar:na]
	at org.eclipse.osgi.internal.loader.classpath.ClasspathManager.findLocalClass(ClasspathManager.java:531) [org.eclipse.osgi_3.10.1.v20140909-1633.jar:na]
	at org.eclipse.osgi.internal.loader.ModuleClassLoader.findLocalClass(ModuleClassLoader.java:324) [org.eclipse.osgi_3.10.1.v20140909-1633.jar:na]
	at org.eclipse.osgi.internal.loader.BundleLoader.findLocalClass(BundleLoader.java:320) [org.eclipse.osgi_3.10.1.v20140909-1633.jar:na]
	at org.eclipse.osgi.internal.loader.sources.SingleSourcePackage.loadClass(SingleSourcePackage.java:36) [org.eclipse.osgi_3.10.1.v20140909-1633.jar:na]
	at org.eclipse.osgi.internal.loader.BundleLoader.findClassInternal(BundleLoader.java:391) [org.eclipse.osgi_3.10.1.v20140909-1633.jar:na]
	at org.eclipse.osgi.internal.loader.BundleLoader.findClass(BundleLoader.java:345) [org.eclipse.osgi_3.10.1.v20140909-1633.jar:na]
	at org.eclipse.osgi.internal.loader.BundleLoader.findClass(BundleLoader.java:337) [org.eclipse.osgi_3.10.1.v20140909-1633.jar:na]
	at org.eclipse.osgi.internal.loader.ModuleClassLoader.loadClass(ModuleClassLoader.java:160) [org.eclipse.osgi_3.10.1.v20140909-1633.jar:na]
	at java.lang.ClassLoader.loadClass(Unknown Source) [na:1.8.0_25]
	at java.lang.Class.getDeclaredConstructors0(Native Method) [na:1.8.0_25]
	at java.lang.Class.privateGetDeclaredConstructors(Unknown Source) [na:1.8.0_25]
	at java.lang.Class.getConstructor0(Unknown Source) [na:1.8.0_25]
	at java.lang.Class.newInstance(Unknown Source) [na:1.8.0_25]
	at org.eclipse.osgi.internal.framework.BundleContextImpl.loadBundleActivator(BundleContextImpl.java:755) [org.eclipse.osgi_3.10.1.v20140909-1633.jar:na]
	at org.eclipse.osgi.internal.framework.BundleContextImpl.start(BundleContextImpl.java:706) [org.eclipse.osgi_3.10.1.v20140909-1633.jar:na]
	at org.eclipse.osgi.internal.framework.EquinoxBundle.startWorker0(EquinoxBundle.java:936) [org.eclipse.osgi_3.10.1.v20140909-1633.jar:na]
	at org.eclipse.osgi.internal.framework.EquinoxBundle$EquinoxModule.startWorker(EquinoxBundle.java:319) [org.eclipse.osgi_3.10.1.v20140909-1633.jar:na]
	at org.eclipse.osgi.container.Module.doStart(Module.java:571) [org.eclipse.osgi_3.10.1.v20140909-1633.jar:na]
	at org.eclipse.osgi.container.Module.start(Module.java:439) [org.eclipse.osgi_3.10.1.v20140909-1633.jar:na]
	at org.eclipse.osgi.framework.util.SecureAction.start(SecureAction.java:454) [org.eclipse.osgi_3.10.1.v20140909-1633.jar:na]
	at org.eclipse.osgi.internal.hooks.EclipseLazyStarter.postFindLocalClass(EclipseLazyStarter.java:107) [org.eclipse.osgi_3.10.1.v20140909-1633.jar:na]
	at org.eclipse.osgi.internal.loader.classpath.ClasspathManager.findLocalClass(ClasspathManager.java:531) [org.eclipse.osgi_3.10.1.v20140909-1633.jar:na]
	at org.eclipse.osgi.internal.loader.ModuleClassLoader.findLocalClass(ModuleClassLoader.java:324) [org.eclipse.osgi_3.10.1.v20140909-1633.jar:na]
	at org.eclipse.osgi.internal.loader.BundleLoader.findLocalClass(BundleLoader.java:320) [org.eclipse.osgi_3.10.1.v20140909-1633.jar:na]
	at org.eclipse.osgi.internal.loader.BundleLoader.findClassInternal(BundleLoader.java:395) [org.eclipse.osgi_3.10.1.v20140909-1633.jar:na]
	at org.eclipse.osgi.internal.loader.BundleLoader.findClass(BundleLoader.java:345) [org.eclipse.osgi_3.10.1.v20140909-1633.jar:na]
	at org.eclipse.osgi.internal.loader.BundleLoader.findClass(BundleLoader.java:337) [org.eclipse.osgi_3.10.1.v20140909-1633.jar:na]
	at org.eclipse.osgi.internal.loader.ModuleClassLoader.loadClass(ModuleClassLoader.java:160) [org.eclipse.osgi_3.10.1.v20140909-1633.jar:na]
	at java.lang.ClassLoader.loadClass(Unknown Source) [na:1.8.0_25]
	at org.eclipse.osgi.internal.framework.EquinoxBundle.loadClass(EquinoxBundle.java:568) [org.eclipse.osgi_3.10.1.v20140909-1633.jar:na]
	at org.eclipse.core.internal.registry.osgi.RegistryStrategyOSGI.createExecutableExtension(RegistryStrategyOSGI.java:174) [org.eclipse.equinox.registry_3.5.400.v20140428-1507.jar:na]
	at org.eclipse.core.internal.registry.ExtensionRegistry.createExecutableExtension(ExtensionRegistry.java:905) [org.eclipse.equinox.registry_3.5.400.v20140428-1507.jar:na]
	at org.eclipse.core.internal.registry.ConfigurationElement.createExecutableExtension(ConfigurationElement.java:243) [org.eclipse.equinox.registry_3.5.400.v20140428-1507.jar:na]
	at org.eclipse.core.internal.registry.ConfigurationElementHandle.createExecutableExtension(ConfigurationElementHandle.java:55) [org.eclipse.equinox.registry_3.5.400.v20140428-1507.jar:na]
	at org.eclipse.ui.internal.WorkbenchPlugin$1.run(WorkbenchPlugin.java:294) [org.eclipse.ui.workbench_3.106.1.v20140827-1737.jar:na]
	at org.eclipse.swt.custom.BusyIndicator.showWhile(BusyIndicator.java:70) [org.eclipse.swt.win32.win32.x86_64_3.103.1.v20140903-1947.jar:na]
	at org.eclipse.ui.internal.WorkbenchPlugin.createExtension(WorkbenchPlugin.java:289) [org.eclipse.ui.workbench_3.106.1.v20140827-1737.jar:na]
	at org.eclipse.ui.internal.dialogs.WorkbenchPreferenceNode.createPage(WorkbenchPreferenceNode.java:48) [org.eclipse.ui.workbench_3.106.1.v20140827-1737.jar:na]
	at org.eclipse.jface.preference.PreferenceDialog.createPage(PreferenceDialog.java:1372) [org.eclipse.jface_3.10.1.v20140813-1009.jar:na]
	at org.eclipse.ui.internal.dialogs.FilteredPreferenceDialog.createPage(FilteredPreferenceDialog.java:385) [org.eclipse.ui.workbench_3.106.1.v20140827-1737.jar:na]
	at org.eclipse.jface.preference.PreferenceDialog.showPage(PreferenceDialog.java:1259) [org.eclipse.jface_3.10.1.v20140813-1009.jar:na]
	at org.eclipse.ui.internal.dialogs.FilteredPreferenceDialog.showPage(FilteredPreferenceDialog.java:699) [org.eclipse.ui.workbench_3.106.1.v20140827-1737.jar:na]
	at org.eclipse.jface.preference.PreferenceDialog$9$1.run(PreferenceDialog.java:730) [org.eclipse.jface_3.10.1.v20140813-1009.jar:na]
	at org.eclipse.swt.custom.BusyIndicator.showWhile(BusyIndicator.java:70) [org.eclipse.swt.win32.win32.x86_64_3.103.1.v20140903-1947.jar:na]
	at org.eclipse.jface.preference.PreferenceDialog$9.selectionChanged(PreferenceDialog.java:725) [org.eclipse.jface_3.10.1.v20140813-1009.jar:na]
	at org.eclipse.jface.viewers.StructuredViewer$3.run(StructuredViewer.java:876) [org.eclipse.jface_3.10.1.v20140813-1009.jar:na]
	at org.eclipse.core.runtime.SafeRunner.run(SafeRunner.java:42) [org.eclipse.equinox.common_3.6.200.v20130402-1505.jar:na]
	at org.eclipse.ui.internal.JFaceUtil$1.run(JFaceUtil.java:50) [org.eclipse.ui.workbench_3.106.1.v20140827-1737.jar:na]
	at org.eclipse.jface.util.SafeRunnable.run(SafeRunnable.java:178) [org.eclipse.jface_3.10.1.v20140813-1009.jar:na]
	at org.eclipse.jface.viewers.StructuredViewer.firePostSelectionChanged(StructuredViewer.java:873) [org.eclipse.jface_3.10.1.v20140813-1009.jar:na]
	at org.eclipse.jface.viewers.StructuredViewer.handlePostSelect(StructuredViewer.java:1217) [org.eclipse.jface_3.10.1.v20140813-1009.jar:na]
	at org.eclipse.jface.viewers.StructuredViewer$5.widgetSelected(StructuredViewer.java:1243) [org.eclipse.jface_3.10.1.v20140813-1009.jar:na]
	at org.eclipse.jface.util.OpenStrategy.firePostSelectionEvent(OpenStrategy.java:265) [org.eclipse.jface_3.10.1.v20140813-1009.jar:na]
	at org.eclipse.jface.util.OpenStrategy.access$5(OpenStrategy.java:259) [org.eclipse.jface_3.10.1.v20140813-1009.jar:na]
	at org.eclipse.jface.util.OpenStrategy$1$2.run(OpenStrategy.java:440) [org.eclipse.jface_3.10.1.v20140813-1009.jar:na]
	at org.eclipse.swt.widgets.RunnableLock.run(RunnableLock.java:35) [org.eclipse.swt.win32.win32.x86_64_3.103.1.v20140903-1947.jar:na]
	at org.eclipse.swt.widgets.Synchronizer.runAsyncMessages(Synchronizer.java:136) [org.eclipse.swt.win32.win32.x86_64_3.103.1.v20140903-1947.jar:na]
	at org.eclipse.swt.widgets.Display.runAsyncMessages(Display.java:4147) [org.eclipse.swt.win32.win32.x86_64_3.103.1.v20140903-1947.jar:na]
	at org.eclipse.swt.widgets.Display.readAndDispatch(Display.java:3764) [org.eclipse.swt.win32.win32.x86_64_3.103.1.v20140903-1947.jar:na]
	at org.eclipse.jface.window.Window.runEventLoop(Window.java:832) [org.eclipse.jface_3.10.1.v20140813-1009.jar:na]
	at org.eclipse.jface.window.Window.open(Window.java:808) [org.eclipse.jface_3.10.1.v20140813-1009.jar:na]
	at org.eclipse.ui.internal.dialogs.WorkbenchPreferenceDialog.open(WorkbenchPreferenceDialog.java:221) [org.eclipse.ui.workbench_3.106.1.v20140827-1737.jar:na]
	at org.eclipse.equinox.p2.ui.ProvisioningUI.manipulateRepositories(ProvisioningUI.java:311) [org.eclipse.equinox.p2.ui_2.3.0.v20140404-1657.jar:na]
	at org.eclipse.equinox.internal.p2.ui.dialogs.RepositorySelectionGroup$7.runWithEvent(RepositorySelectionGroup.java:214) [org.eclipse.equinox.p2.ui_2.3.0.v20140404-1657.jar:na]
	at org.eclipse.equinox.internal.p2.ui.dialogs.RepositorySelectionGroup$11.handleEvent(RepositorySelectionGroup.java:392) [org.eclipse.equinox.p2.ui_2.3.0.v20140404-1657.jar:na]
	at org.eclipse.swt.widgets.EventTable.sendEvent(EventTable.java:84) [org.eclipse.swt.win32.win32.x86_64_3.103.1.v20140903-1947.jar:na]
	at org.eclipse.swt.widgets.Display.sendEvent(Display.java:4353) [org.eclipse.swt.win32.win32.x86_64_3.103.1.v20140903-1947.jar:na]
	at org.eclipse.swt.widgets.Widget.sendEvent(Widget.java:1061) [org.eclipse.swt.win32.win32.x86_64_3.103.1.v20140903-1947.jar:na]
	at org.eclipse.swt.widgets.Widget.sendEvent(Widget.java:1085) [org.eclipse.swt.win32.win32.x86_64_3.103.1.v20140903-1947.jar:na]
	at org.eclipse.swt.widgets.Widget.sendSelectionEvent(Widget.java:1102) [org.eclipse.swt.win32.win32.x86_64_3.103.1.v20140903-1947.jar:na]
	at org.eclipse.swt.widgets.Link.wmNotifyChild(Link.java:1086) [org.eclipse.swt.win32.win32.x86_64_3.103.1.v20140903-1947.jar:na]
	at org.eclipse.swt.widgets.Control.wmNotify(Control.java:5618) [org.eclipse.swt.win32.win32.x86_64_3.103.1.v20140903-1947.jar:na]
	at org.eclipse.swt.widgets.Composite.wmNotify(Composite.java:1935) [org.eclipse.swt.win32.win32.x86_64_3.103.1.v20140903-1947.jar:na]
	at org.eclipse.swt.widgets.Control.WM_NOTIFY(Control.java:5169) [org.eclipse.swt.win32.win32.x86_64_3.103.1.v20140903-1947.jar:na]
	at org.eclipse.swt.widgets.Control.windowProc(Control.java:4666) [org.eclipse.swt.win32.win32.x86_64_3.103.1.v20140903-1947.jar:na]
	at org.eclipse.swt.widgets.Display.windowProc(Display.java:5036) [org.eclipse.swt.win32.win32.x86_64_3.103.1.v20140903-1947.jar:na]
	at org.eclipse.swt.internal.win32.OS.CallWindowProcW(Native Method) [org.eclipse.swt.win32.win32.x86_64_3.103.1.v20140903-1947.jar:na]
	at org.eclipse.swt.internal.win32.OS.CallWindowProc(OS.java:2443) [org.eclipse.swt.win32.win32.x86_64_3.103.1.v20140903-1947.jar:na]
	at org.eclipse.swt.widgets.Link.callWindowProc(Link.java:172) [org.eclipse.swt.win32.win32.x86_64_3.103.1.v20140903-1947.jar:na]
	at org.eclipse.swt.widgets.Widget.wmLButtonUp(Widget.java:2079) [org.eclipse.swt.win32.win32.x86_64_3.103.1.v20140903-1947.jar:na]
	at org.eclipse.swt.widgets.Control.WM_LBUTTONUP(Control.java:4995) [org.eclipse.swt.win32.win32.x86_64_3.103.1.v20140903-1947.jar:na]
	at org.eclipse.swt.widgets.Link.WM_LBUTTONUP(Link.java:922) [org.eclipse.swt.win32.win32.x86_64_3.103.1.v20140903-1947.jar:na]
	at org.eclipse.swt.widgets.Control.windowProc(Control.java:4647) [org.eclipse.swt.win32.win32.x86_64_3.103.1.v20140903-1947.jar:na]
	at org.eclipse.swt.widgets.Display.windowProc(Display.java:5036) [org.eclipse.swt.win32.win32.x86_64_3.103.1.v20140903-1947.jar:na]
	at org.eclipse.swt.internal.win32.OS.DispatchMessageW(Native Method) [org.eclipse.swt.win32.win32.x86_64_3.103.1.v20140903-1947.jar:na]
	at org.eclipse.swt.internal.win32.OS.DispatchMessage(OS.java:2549) [org.eclipse.swt.win32.win32.x86_64_3.103.1.v20140903-1947.jar:na]
	at org.eclipse.swt.widgets.Display.readAndDispatch(Display.java:3759) [org.eclipse.swt.win32.win32.x86_64_3.103.1.v20140903-1947.jar:na]
	at org.eclipse.jface.window.Window.runEventLoop(Window.java:832) [org.eclipse.jface_3.10.1.v20140813-1009.jar:na]
	at org.eclipse.jface.window.Window.open(Window.java:808) [org.eclipse.jface_3.10.1.v20140813-1009.jar:na]
	at org.eclipse.equinox.p2.ui.ProvisioningUI.openInstallWizard(ProvisioningUI.java:226) [org.eclipse.equinox.p2.ui_2.3.0.v20140404-1657.jar:na]
	at org.eclipse.equinox.p2.ui.ProvisioningUI.openInstallWizard(ProvisioningUI.java:202) [org.eclipse.equinox.p2.ui_2.3.0.v20140404-1657.jar:na]
	at org.eclipse.equinox.internal.p2.ui.sdk.InstallNewSoftwareHandler.doExecute(InstallNewSoftwareHandler.java:31) [org.eclipse.equinox.p2.ui.sdk_1.0.300.v20140407-1803.jar:na]
	at org.eclipse.equinox.internal.p2.ui.sdk.PreloadingRepositoryHandler.doExecuteAndLoad(PreloadingRepositoryHandler.java:121) [org.eclipse.equinox.p2.ui.sdk_1.0.300.v20140407-1803.jar:na]
	at org.eclipse.equinox.internal.p2.ui.sdk.PreloadingRepositoryHandler$1.run(PreloadingRepositoryHandler.java:68) [org.eclipse.equinox.p2.ui.sdk_1.0.300.v20140407-1803.jar:na]
	at org.eclipse.swt.custom.BusyIndicator.showWhile(BusyIndicator.java:70) [org.eclipse.swt.win32.win32.x86_64_3.103.1.v20140903-1947.jar:na]
	at org.eclipse.equinox.internal.p2.ui.sdk.PreloadingRepositoryHandler.execute(PreloadingRepositoryHandler.java:66) [org.eclipse.equinox.p2.ui.sdk_1.0.300.v20140407-1803.jar:na]
	at org.eclipse.ui.internal.handlers.HandlerProxy.execute(HandlerProxy.java:294) [org.eclipse.ui.workbench_3.106.1.v20140827-1737.jar:na]
	at org.eclipse.ui.internal.handlers.E4HandlerProxy.execute(E4HandlerProxy.java:90) [org.eclipse.ui.workbench_3.106.1.v20140827-1737.jar:na]
	at sun.reflect.NativeMethodAccessorImpl.invoke0(Native Method) ~[na:1.8.0_25]
	at sun.reflect.NativeMethodAccessorImpl.invoke(Unknown Source) ~[na:1.8.0_25]
	at sun.reflect.DelegatingMethodAccessorImpl.invoke(Unknown Source) ~[na:1.8.0_25]
	at java.lang.reflect.Method.invoke(Unknown Source) ~[na:1.8.0_25]
	at org.eclipse.e4.core.internal.di.MethodRequestor.execute(MethodRequestor.java:55) [org.eclipse.e4.core.di_1.4.0.v20140414-1837.jar:na]
	at org.eclipse.e4.core.internal.di.InjectorImpl.invokeUsingClass(InjectorImpl.java:247) [org.eclipse.e4.core.di_1.4.0.v20140414-1837.jar:na]
	at org.eclipse.e4.core.internal.di.InjectorImpl.invoke(InjectorImpl.java:229) [org.eclipse.e4.core.di_1.4.0.v20140414-1837.jar:na]
	at org.eclipse.e4.core.contexts.ContextInjectionFactory.invoke(ContextInjectionFactory.java:132) [org.eclipse.e4.core.contexts_1.3.100.v20140407-1019.jar:na]
	at org.eclipse.e4.core.commands.internal.HandlerServiceHandler.execute(HandlerServiceHandler.java:149) [org.eclipse.e4.core.commands_0.10.2.v20140424-2344.jar:na]
	at org.eclipse.core.commands.Command.executeWithChecks(Command.java:499) [org.eclipse.core.commands_3.6.100.v20140528-1422.jar:na]
	at org.eclipse.core.commands.ParameterizedCommand.executeWithChecks(ParameterizedCommand.java:508) [org.eclipse.core.commands_3.6.100.v20140528-1422.jar:na]
	at org.eclipse.e4.core.commands.internal.HandlerServiceImpl.executeHandler(HandlerServiceImpl.java:210) [org.eclipse.e4.core.commands_0.10.2.v20140424-2344.jar:na]
	at org.eclipse.e4.ui.workbench.renderers.swt.HandledContributionItem.executeItem(HandledContributionItem.java:825) [org.eclipse.e4.ui.workbench.renderers.swt_0.12.1.v20140903-1023.jar:na]
	at org.eclipse.e4.ui.workbench.renderers.swt.HandledContributionItem.handleWidgetSelection(HandledContributionItem.java:701) [org.eclipse.e4.ui.workbench.renderers.swt_0.12.1.v20140903-1023.jar:na]
	at org.eclipse.e4.ui.workbench.renderers.swt.HandledContributionItem.access$6(HandledContributionItem.java:685) [org.eclipse.e4.ui.workbench.renderers.swt_0.12.1.v20140903-1023.jar:na]
	at org.eclipse.e4.ui.workbench.renderers.swt.HandledContributionItem$4.handleEvent(HandledContributionItem.java:613) [org.eclipse.e4.ui.workbench.renderers.swt_0.12.1.v20140903-1023.jar:na]
	at org.eclipse.swt.widgets.EventTable.sendEvent(EventTable.java:84) [org.eclipse.swt.win32.win32.x86_64_3.103.1.v20140903-1947.jar:na]
	at org.eclipse.swt.widgets.Display.sendEvent(Display.java:4353) [org.eclipse.swt.win32.win32.x86_64_3.103.1.v20140903-1947.jar:na]
	at org.eclipse.swt.widgets.Widget.sendEvent(Widget.java:1061) [org.eclipse.swt.win32.win32.x86_64_3.103.1.v20140903-1947.jar:na]
	at org.eclipse.swt.widgets.Display.runDeferredEvents(Display.java:4172) [org.eclipse.swt.win32.win32.x86_64_3.103.1.v20140903-1947.jar:na]
	at org.eclipse.swt.widgets.Display.readAndDispatch(Display.java:3761) [org.eclipse.swt.win32.win32.x86_64_3.103.1.v20140903-1947.jar:na]
	at org.eclipse.e4.ui.internal.workbench.swt.PartRenderingEngine$9.run(PartRenderingEngine.java:1151) [org.eclipse.e4.ui.workbench.swt_0.12.100.v20140530-1436.jar:na]
	at org.eclipse.core.databinding.observable.Realm.runWithDefault(Realm.java:332) [org.eclipse.core.databinding.observable_1.4.1.v20140210-1835.jar:na]
	at org.eclipse.e4.ui.internal.workbench.swt.PartRenderingEngine.run(PartRenderingEngine.java:1032) [org.eclipse.e4.ui.workbench.swt_0.12.100.v20140530-1436.jar:na]
	at org.eclipse.e4.ui.internal.workbench.E4Workbench.createAndRunUI(E4Workbench.java:148) [org.eclipse.e4.ui.workbench_1.2.1.v20140901-1244.jar:na]
	at org.eclipse.ui.internal.Workbench$5.run(Workbench.java:636) [org.eclipse.ui.workbench_3.106.1.v20140827-1737.jar:na]
	at org.eclipse.core.databinding.observable.Realm.runWithDefault(Realm.java:332) [org.eclipse.core.databinding.observable_1.4.1.v20140210-1835.jar:na]
	at org.eclipse.ui.internal.Workbench.createAndRunWorkbench(Workbench.java:579) [org.eclipse.ui.workbench_3.106.1.v20140827-1737.jar:na]
	at org.eclipse.ui.PlatformUI.createAndRunWorkbench(PlatformUI.java:150) [org.eclipse.ui.workbench_3.106.1.v20140827-1737.jar:na]
	at org.eclipse.ui.internal.ide.application.IDEApplication.start(IDEApplication.java:135) [org.eclipse.ui.ide.application_1.0.500.v20140514-2033.jar:na]
	at org.eclipse.equinox.internal.app.EclipseAppHandle.run(EclipseAppHandle.java:196) [org.eclipse.equinox.app_1.3.200.v20130910-1609.jar:na]
	at org.eclipse.core.runtime.internal.adaptor.EclipseAppLauncher.runApplication(EclipseAppLauncher.java:134) [org.eclipse.osgi_3.10.1.v20140909-1633.jar:na]
	at org.eclipse.core.runtime.internal.adaptor.EclipseAppLauncher.start(EclipseAppLauncher.java:104) [org.eclipse.osgi_3.10.1.v20140909-1633.jar:na]
	at org.eclipse.core.runtime.adaptor.EclipseStarter.run(EclipseStarter.java:380) [org.eclipse.osgi_3.10.1.v20140909-1633.jar:na]
	at org.eclipse.core.runtime.adaptor.EclipseStarter.run(EclipseStarter.java:235) [org.eclipse.osgi_3.10.1.v20140909-1633.jar:na]
	at sun.reflect.NativeMethodAccessorImpl.invoke0(Native Method) ~[na:1.8.0_25]
	at sun.reflect.NativeMethodAccessorImpl.invoke(Unknown Source) ~[na:1.8.0_25]
	at sun.reflect.DelegatingMethodAccessorImpl.invoke(Unknown Source) ~[na:1.8.0_25]
	at java.lang.reflect.Method.invoke(Unknown Source) ~[na:1.8.0_25]
	at org.eclipse.equinox.launcher.Main.invokeFramework(Main.java:648) [org.eclipse.equinox.launcher_1.3.0.v20140415-2008.jar:na]
	at org.eclipse.equinox.launcher.Main.basicRun(Main.java:603) [org.eclipse.equinox.launcher_1.3.0.v20140415-2008.jar:na]
	at org.eclipse.equinox.launcher.Main.run(Main.java:1465) [org.eclipse.equinox.launcher_1.3.0.v20140415-2008.jar:na]
	at org.eclipse.equinox.launcher.Main.main(Main.java:1438) [org.eclipse.equinox.launcher_1.3.0.v20140415-2008.jar:na]
2015-05-09 15:49:41,288 [main] WARN  Sisu - Error injecting: org.apache.maven.archetype.common.DefaultArchetypeArtifactManager
java.lang.NoClassDefFoundError: org/dom4j/DocumentException
	at java.lang.Class.getDeclaredMethods0(Native Method) [na:1.8.0_25]
	at java.lang.Class.privateGetDeclaredMethods(Unknown Source) [na:1.8.0_25]
	at java.lang.Class.getDeclaredMethods(Unknown Source) [na:1.8.0_25]
	at com.google.inject.spi.InjectionPoint.getInjectionPoints(InjectionPoint.java:674) ~[sisu-guice-3.1.3-no_aop.jar:3.1.3]
	at com.google.inject.spi.InjectionPoint.forInstanceMethodsAndFields(InjectionPoint.java:366) ~[sisu-guice-3.1.3-no_aop.jar:3.1.3]
	at com.google.inject.internal.ConstructorBindingImpl.getInternalDependencies(ConstructorBindingImpl.java:165) ~[sisu-guice-3.1.3-no_aop.jar:3.1.3]
	at com.google.inject.internal.InjectorImpl.getInternalDependencies(InjectorImpl.java:609) [sisu-guice-3.1.3-no_aop.jar:3.1.3]
	at com.google.inject.internal.InjectorImpl.cleanup(InjectorImpl.java:565) [sisu-guice-3.1.3-no_aop.jar:3.1.3]
	at com.google.inject.internal.InjectorImpl.initializeJitBinding(InjectorImpl.java:551) [sisu-guice-3.1.3-no_aop.jar:3.1.3]
	at com.google.inject.internal.InjectorImpl.createJustInTimeBinding(InjectorImpl.java:865) [sisu-guice-3.1.3-no_aop.jar:3.1.3]
	at com.google.inject.internal.InjectorImpl.createJustInTimeBindingRecursive(InjectorImpl.java:790) [sisu-guice-3.1.3-no_aop.jar:3.1.3]
	at com.google.inject.internal.InjectorImpl.getJustInTimeBinding(InjectorImpl.java:278) [sisu-guice-3.1.3-no_aop.jar:3.1.3]
	at com.google.inject.internal.InjectorImpl.getBindingOrThrow(InjectorImpl.java:210) [sisu-guice-3.1.3-no_aop.jar:3.1.3]
	at com.google.inject.internal.InjectorImpl.getProviderOrThrow(InjectorImpl.java:986) [sisu-guice-3.1.3-no_aop.jar:3.1.3]
	at com.google.inject.internal.InjectorImpl.getProvider(InjectorImpl.java:1019) [sisu-guice-3.1.3-no_aop.jar:3.1.3]
	at com.google.inject.internal.InjectorImpl.getProvider(InjectorImpl.java:982) [sisu-guice-3.1.3-no_aop.jar:3.1.3]
	at com.google.inject.internal.InjectorImpl.getInstance(InjectorImpl.java:1032) [sisu-guice-3.1.3-no_aop.jar:3.1.3]
	at org.eclipse.sisu.space.AbstractDeferredClass.get(AbstractDeferredClass.java:48) ~[org.eclipse.sisu.inject-0.0.0.M5.jar:na]
	at com.google.inject.internal.ProviderInternalFactory.provision(ProviderInternalFactory.java:86) [sisu-guice-3.1.3-no_aop.jar:3.1.3]
	at com.google.inject.internal.InternalFactoryToInitializableAdapter.provision(InternalFactoryToInitializableAdapter.java:55) [sisu-guice-3.1.3-no_aop.jar:3.1.3]
	at com.google.inject.internal.ProviderInternalFactory$1.call(ProviderInternalFactory.java:70) [sisu-guice-3.1.3-no_aop.jar:3.1.3]
	at com.google.inject.internal.ProvisionListenerStackCallback$Provision.provision(ProvisionListenerStackCallback.java:100) [sisu-guice-3.1.3-no_aop.jar:3.1.3]
	at com.google.inject.internal.ProvisionListenerStackCallback$Provision.provision(ProvisionListenerStackCallback.java:116) [sisu-guice-3.1.3-no_aop.jar:3.1.3]
	at com.google.inject.internal.ProvisionListenerStackCallback.provision(ProvisionListenerStackCallback.java:55) [sisu-guice-3.1.3-no_aop.jar:3.1.3]
	at com.google.inject.internal.ProviderInternalFactory.circularGet(ProviderInternalFactory.java:68) [sisu-guice-3.1.3-no_aop.jar:3.1.3]
	at com.google.inject.internal.InternalFactoryToInitializableAdapter.get(InternalFactoryToInitializableAdapter.java:47) [sisu-guice-3.1.3-no_aop.jar:3.1.3]
	at com.google.inject.internal.ProviderToInternalFactoryAdapter$1.call(ProviderToInternalFactoryAdapter.java:46) [sisu-guice-3.1.3-no_aop.jar:3.1.3]
	at com.google.inject.internal.InjectorImpl.callInContext(InjectorImpl.java:1054) [sisu-guice-3.1.3-no_aop.jar:3.1.3]
	at com.google.inject.internal.ProviderToInternalFactoryAdapter.get(ProviderToInternalFactoryAdapter.java:40) [sisu-guice-3.1.3-no_aop.jar:3.1.3]
	at com.google.inject.Scopes$1$1.get(Scopes.java:59) [sisu-guice-3.1.3-no_aop.jar:3.1.3]
	at com.google.inject.internal.InternalFactoryToProviderAdapter.get(InternalFactoryToProviderAdapter.java:41) [sisu-guice-3.1.3-no_aop.jar:3.1.3]
	at com.google.inject.internal.InjectorImpl$2$1.call(InjectorImpl.java:997) [sisu-guice-3.1.3-no_aop.jar:3.1.3]
	at com.google.inject.internal.InjectorImpl.callInContext(InjectorImpl.java:1054) [sisu-guice-3.1.3-no_aop.jar:3.1.3]
	at com.google.inject.internal.InjectorImpl$2.get(InjectorImpl.java:993) [sisu-guice-3.1.3-no_aop.jar:3.1.3]
	at org.eclipse.sisu.inject.LazyBeanEntry.getValue(LazyBeanEntry.java:82) [org.eclipse.sisu.inject-0.0.0.M5.jar:na]
	at org.eclipse.sisu.plexus.LazyPlexusBean.getValue(LazyPlexusBean.java:51) [org.eclipse.sisu.plexus-0.0.0.M5.jar:na]
	at org.eclipse.sisu.plexus.PlexusRequirements$RequirementProvider.get(PlexusRequirements.java:250) ~[org.eclipse.sisu.plexus-0.0.0.M5.jar:na]
	at org.eclipse.sisu.plexus.ProvidedPropertyBinding.injectProperty(ProvidedPropertyBinding.java:48) ~[org.eclipse.sisu.plexus-0.0.0.M5.jar:na]
	at org.eclipse.sisu.bean.BeanInjector.injectMembers(BeanInjector.java:52) ~[org.eclipse.sisu.inject-0.0.0.M5.jar:na]
	at com.google.inject.internal.MembersInjectorImpl.injectMembers(MembersInjectorImpl.java:128) ~[sisu-guice-3.1.3-no_aop.jar:3.1.3]
	at com.google.inject.internal.ConstructorInjector.provision(ConstructorInjector.java:118) ~[sisu-guice-3.1.3-no_aop.jar:3.1.3]
	at com.google.inject.internal.ConstructorInjector.access$000(ConstructorInjector.java:32) ~[sisu-guice-3.1.3-no_aop.jar:3.1.3]
	at com.google.inject.internal.ConstructorInjector$1.call(ConstructorInjector.java:92) ~[sisu-guice-3.1.3-no_aop.jar:3.1.3]
	at com.google.inject.internal.ProvisionListenerStackCallback$Provision.provision(ProvisionListenerStackCallback.java:100) [sisu-guice-3.1.3-no_aop.jar:3.1.3]
	at com.google.inject.internal.ProvisionListenerStackCallback$Provision.provision(ProvisionListenerStackCallback.java:116) [sisu-guice-3.1.3-no_aop.jar:3.1.3]
	at com.google.inject.internal.ProvisionListenerStackCallback.provision(ProvisionListenerStackCallback.java:55) [sisu-guice-3.1.3-no_aop.jar:3.1.3]
	at com.google.inject.internal.ConstructorInjector.construct(ConstructorInjector.java:90) ~[sisu-guice-3.1.3-no_aop.jar:3.1.3]
	at com.google.inject.internal.ConstructorBindingImpl$Factory.get(ConstructorBindingImpl.java:269) ~[sisu-guice-3.1.3-no_aop.jar:3.1.3]
	at com.google.inject.internal.InjectorImpl$2$1.call(InjectorImpl.java:997) [sisu-guice-3.1.3-no_aop.jar:3.1.3]
	at com.google.inject.internal.InjectorImpl.callInContext(InjectorImpl.java:1054) [sisu-guice-3.1.3-no_aop.jar:3.1.3]
	at com.google.inject.internal.InjectorImpl$2.get(InjectorImpl.java:993) [sisu-guice-3.1.3-no_aop.jar:3.1.3]
	at com.google.inject.internal.InjectorImpl.getInstance(InjectorImpl.java:1032) [sisu-guice-3.1.3-no_aop.jar:3.1.3]
	at org.eclipse.sisu.space.AbstractDeferredClass.get(AbstractDeferredClass.java:48) ~[org.eclipse.sisu.inject-0.0.0.M5.jar:na]
	at com.google.inject.internal.ProviderInternalFactory.provision(ProviderInternalFactory.java:86) [sisu-guice-3.1.3-no_aop.jar:3.1.3]
	at com.google.inject.internal.InternalFactoryToInitializableAdapter.provision(InternalFactoryToInitializableAdapter.java:55) [sisu-guice-3.1.3-no_aop.jar:3.1.3]
	at com.google.inject.internal.ProviderInternalFactory$1.call(ProviderInternalFactory.java:70) [sisu-guice-3.1.3-no_aop.jar:3.1.3]
	at com.google.inject.internal.ProvisionListenerStackCallback$Provision.provision(ProvisionListenerStackCallback.java:100) [sisu-guice-3.1.3-no_aop.jar:3.1.3]
	at org.eclipse.sisu.plexus.PlexusLifecycleManager.onProvision(PlexusLifecycleManager.java:133) [org.eclipse.sisu.plexus-0.0.0.M5.jar:na]
	at com.google.inject.internal.ProvisionListenerStackCallback$Provision.provision(ProvisionListenerStackCallback.java:109) [sisu-guice-3.1.3-no_aop.jar:3.1.3]
	at com.google.inject.internal.ProvisionListenerStackCallback.provision(ProvisionListenerStackCallback.java:55) [sisu-guice-3.1.3-no_aop.jar:3.1.3]
	at com.google.inject.internal.ProviderInternalFactory.circularGet(ProviderInternalFactory.java:68) [sisu-guice-3.1.3-no_aop.jar:3.1.3]
	at com.google.inject.internal.InternalFactoryToInitializableAdapter.get(InternalFactoryToInitializableAdapter.java:47) [sisu-guice-3.1.3-no_aop.jar:3.1.3]
	at com.google.inject.internal.ProviderToInternalFactoryAdapter$1.call(ProviderToInternalFactoryAdapter.java:46) [sisu-guice-3.1.3-no_aop.jar:3.1.3]
	at com.google.inject.internal.InjectorImpl.callInContext(InjectorImpl.java:1054) [sisu-guice-3.1.3-no_aop.jar:3.1.3]
	at com.google.inject.internal.ProviderToInternalFactoryAdapter.get(ProviderToInternalFactoryAdapter.java:40) [sisu-guice-3.1.3-no_aop.jar:3.1.3]
	at com.google.inject.Scopes$1$1.get(Scopes.java:59) [sisu-guice-3.1.3-no_aop.jar:3.1.3]
	at com.google.inject.internal.InternalFactoryToProviderAdapter.get(InternalFactoryToProviderAdapter.java:41) [sisu-guice-3.1.3-no_aop.jar:3.1.3]
	at com.google.inject.internal.InjectorImpl$2$1.call(InjectorImpl.java:997) [sisu-guice-3.1.3-no_aop.jar:3.1.3]
	at com.google.inject.internal.InjectorImpl.callInContext(InjectorImpl.java:1047) [sisu-guice-3.1.3-no_aop.jar:3.1.3]
	at com.google.inject.internal.InjectorImpl$2.get(InjectorImpl.java:993) [sisu-guice-3.1.3-no_aop.jar:3.1.3]
	at org.eclipse.sisu.inject.LazyBeanEntry.getValue(LazyBeanEntry.java:82) [org.eclipse.sisu.inject-0.0.0.M5.jar:na]
	at org.eclipse.sisu.plexus.LazyPlexusBean.getValue(LazyPlexusBean.java:51) [org.eclipse.sisu.plexus-0.0.0.M5.jar:na]
	at org.codehaus.plexus.DefaultPlexusContainer.lookup(DefaultPlexusContainer.java:260) [org.eclipse.sisu.plexus-0.0.0.M5.jar:na]
	at org.codehaus.plexus.DefaultPlexusContainer.lookup(DefaultPlexusContainer.java:252) [org.eclipse.sisu.plexus-0.0.0.M5.jar:na]
	at org.codehaus.plexus.DefaultPlexusContainer.lookup(DefaultPlexusContainer.java:246) [org.eclipse.sisu.plexus-0.0.0.M5.jar:na]
	at org.eclipse.m2e.core.internal.archetype.ArchetypeManager.<init>(ArchetypeManager.java:74) [org.eclipse.m2e.core_1.5.0.20140606-0033.jar:na]
	at org.eclipse.m2e.core.internal.MavenPluginActivator.newArchetypeManager(MavenPluginActivator.java:271) [org.eclipse.m2e.core_1.5.0.20140606-0033.jar:na]
	at org.eclipse.m2e.core.internal.MavenPluginActivator.start(MavenPluginActivator.java:192) [org.eclipse.m2e.core_1.5.0.20140606-0033.jar:na]
	at org.eclipse.osgi.internal.framework.BundleContextImpl$3.run(BundleContextImpl.java:771) [org.eclipse.osgi_3.10.1.v20140909-1633.jar:na]
	at org.eclipse.osgi.internal.framework.BundleContextImpl$3.run(BundleContextImpl.java:1) [org.eclipse.osgi_3.10.1.v20140909-1633.jar:na]
	at java.security.AccessController.doPrivileged(Native Method) [na:1.8.0_25]
	at org.eclipse.osgi.internal.framework.BundleContextImpl.startActivator(BundleContextImpl.java:764) [org.eclipse.osgi_3.10.1.v20140909-1633.jar:na]
	at org.eclipse.osgi.internal.framework.BundleContextImpl.start(BundleContextImpl.java:721) [org.eclipse.osgi_3.10.1.v20140909-1633.jar:na]
	at org.eclipse.osgi.internal.framework.EquinoxBundle.startWorker0(EquinoxBundle.java:936) [org.eclipse.osgi_3.10.1.v20140909-1633.jar:na]
	at org.eclipse.osgi.internal.framework.EquinoxBundle$EquinoxModule.startWorker(EquinoxBundle.java:319) [org.eclipse.osgi_3.10.1.v20140909-1633.jar:na]
	at org.eclipse.osgi.container.Module.doStart(Module.java:571) [org.eclipse.osgi_3.10.1.v20140909-1633.jar:na]
	at org.eclipse.osgi.container.Module.start(Module.java:439) [org.eclipse.osgi_3.10.1.v20140909-1633.jar:na]
	at org.eclipse.osgi.framework.util.SecureAction.start(SecureAction.java:454) [org.eclipse.osgi_3.10.1.v20140909-1633.jar:na]
	at org.eclipse.osgi.internal.hooks.EclipseLazyStarter.postFindLocalClass(EclipseLazyStarter.java:107) [org.eclipse.osgi_3.10.1.v20140909-1633.jar:na]
	at org.eclipse.osgi.internal.loader.classpath.ClasspathManager.findLocalClass(ClasspathManager.java:531) [org.eclipse.osgi_3.10.1.v20140909-1633.jar:na]
	at org.eclipse.osgi.internal.loader.ModuleClassLoader.findLocalClass(ModuleClassLoader.java:324) [org.eclipse.osgi_3.10.1.v20140909-1633.jar:na]
	at org.eclipse.osgi.internal.loader.BundleLoader.findLocalClass(BundleLoader.java:320) [org.eclipse.osgi_3.10.1.v20140909-1633.jar:na]
	at org.eclipse.osgi.internal.loader.sources.SingleSourcePackage.loadClass(SingleSourcePackage.java:36) [org.eclipse.osgi_3.10.1.v20140909-1633.jar:na]
	at org.eclipse.osgi.internal.loader.BundleLoader.findClassInternal(BundleLoader.java:391) [org.eclipse.osgi_3.10.1.v20140909-1633.jar:na]
	at org.eclipse.osgi.internal.loader.BundleLoader.findClass(BundleLoader.java:345) [org.eclipse.osgi_3.10.1.v20140909-1633.jar:na]
	at org.eclipse.osgi.internal.loader.BundleLoader.findClass(BundleLoader.java:337) [org.eclipse.osgi_3.10.1.v20140909-1633.jar:na]
	at org.eclipse.osgi.internal.loader.ModuleClassLoader.loadClass(ModuleClassLoader.java:160) [org.eclipse.osgi_3.10.1.v20140909-1633.jar:na]
	at java.lang.ClassLoader.loadClass(Unknown Source) [na:1.8.0_25]
	at java.lang.Class.getDeclaredConstructors0(Native Method) [na:1.8.0_25]
	at java.lang.Class.privateGetDeclaredConstructors(Unknown Source) [na:1.8.0_25]
	at java.lang.Class.getConstructor0(Unknown Source) [na:1.8.0_25]
	at java.lang.Class.newInstance(Unknown Source) [na:1.8.0_25]
	at org.eclipse.osgi.internal.framework.BundleContextImpl.loadBundleActivator(BundleContextImpl.java:755) [org.eclipse.osgi_3.10.1.v20140909-1633.jar:na]
	at org.eclipse.osgi.internal.framework.BundleContextImpl.start(BundleContextImpl.java:706) [org.eclipse.osgi_3.10.1.v20140909-1633.jar:na]
	at org.eclipse.osgi.internal.framework.EquinoxBundle.startWorker0(EquinoxBundle.java:936) [org.eclipse.osgi_3.10.1.v20140909-1633.jar:na]
	at org.eclipse.osgi.internal.framework.EquinoxBundle$EquinoxModule.startWorker(EquinoxBundle.java:319) [org.eclipse.osgi_3.10.1.v20140909-1633.jar:na]
	at org.eclipse.osgi.container.Module.doStart(Module.java:571) [org.eclipse.osgi_3.10.1.v20140909-1633.jar:na]
	at org.eclipse.osgi.container.Module.start(Module.java:439) [org.eclipse.osgi_3.10.1.v20140909-1633.jar:na]
	at org.eclipse.osgi.framework.util.SecureAction.start(SecureAction.java:454) [org.eclipse.osgi_3.10.1.v20140909-1633.jar:na]
	at org.eclipse.osgi.internal.hooks.EclipseLazyStarter.postFindLocalClass(EclipseLazyStarter.java:107) [org.eclipse.osgi_3.10.1.v20140909-1633.jar:na]
	at org.eclipse.osgi.internal.loader.classpath.ClasspathManager.findLocalClass(ClasspathManager.java:531) [org.eclipse.osgi_3.10.1.v20140909-1633.jar:na]
	at org.eclipse.osgi.internal.loader.ModuleClassLoader.findLocalClass(ModuleClassLoader.java:324) [org.eclipse.osgi_3.10.1.v20140909-1633.jar:na]
	at org.eclipse.osgi.internal.loader.BundleLoader.findLocalClass(BundleLoader.java:320) [org.eclipse.osgi_3.10.1.v20140909-1633.jar:na]
	at org.eclipse.osgi.internal.loader.BundleLoader.findClassInternal(BundleLoader.java:395) [org.eclipse.osgi_3.10.1.v20140909-1633.jar:na]
	at org.eclipse.osgi.internal.loader.BundleLoader.findClass(BundleLoader.java:345) [org.eclipse.osgi_3.10.1.v20140909-1633.jar:na]
	at org.eclipse.osgi.internal.loader.BundleLoader.findClass(BundleLoader.java:337) [org.eclipse.osgi_3.10.1.v20140909-1633.jar:na]
	at org.eclipse.osgi.internal.loader.ModuleClassLoader.loadClass(ModuleClassLoader.java:160) [org.eclipse.osgi_3.10.1.v20140909-1633.jar:na]
	at java.lang.ClassLoader.loadClass(Unknown Source) [na:1.8.0_25]
	at org.eclipse.osgi.internal.framework.EquinoxBundle.loadClass(EquinoxBundle.java:568) [org.eclipse.osgi_3.10.1.v20140909-1633.jar:na]
	at org.eclipse.core.internal.registry.osgi.RegistryStrategyOSGI.createExecutableExtension(RegistryStrategyOSGI.java:174) [org.eclipse.equinox.registry_3.5.400.v20140428-1507.jar:na]
	at org.eclipse.core.internal.registry.ExtensionRegistry.createExecutableExtension(ExtensionRegistry.java:905) [org.eclipse.equinox.registry_3.5.400.v20140428-1507.jar:na]
	at org.eclipse.core.internal.registry.ConfigurationElement.createExecutableExtension(ConfigurationElement.java:243) [org.eclipse.equinox.registry_3.5.400.v20140428-1507.jar:na]
	at org.eclipse.core.internal.registry.ConfigurationElementHandle.createExecutableExtension(ConfigurationElementHandle.java:55) [org.eclipse.equinox.registry_3.5.400.v20140428-1507.jar:na]
	at org.eclipse.ui.internal.WorkbenchPlugin$1.run(WorkbenchPlugin.java:294) [org.eclipse.ui.workbench_3.106.1.v20140827-1737.jar:na]
	at org.eclipse.swt.custom.BusyIndicator.showWhile(BusyIndicator.java:70) [org.eclipse.swt.win32.win32.x86_64_3.103.1.v20140903-1947.jar:na]
	at org.eclipse.ui.internal.WorkbenchPlugin.createExtension(WorkbenchPlugin.java:289) [org.eclipse.ui.workbench_3.106.1.v20140827-1737.jar:na]
	at org.eclipse.ui.internal.dialogs.WorkbenchPreferenceNode.createPage(WorkbenchPreferenceNode.java:48) [org.eclipse.ui.workbench_3.106.1.v20140827-1737.jar:na]
	at org.eclipse.jface.preference.PreferenceDialog.createPage(PreferenceDialog.java:1372) [org.eclipse.jface_3.10.1.v20140813-1009.jar:na]
	at org.eclipse.ui.internal.dialogs.FilteredPreferenceDialog.createPage(FilteredPreferenceDialog.java:385) [org.eclipse.ui.workbench_3.106.1.v20140827-1737.jar:na]
	at org.eclipse.jface.preference.PreferenceDialog.showPage(PreferenceDialog.java:1259) [org.eclipse.jface_3.10.1.v20140813-1009.jar:na]
	at org.eclipse.ui.internal.dialogs.FilteredPreferenceDialog.showPage(FilteredPreferenceDialog.java:699) [org.eclipse.ui.workbench_3.106.1.v20140827-1737.jar:na]
	at org.eclipse.jface.preference.PreferenceDialog$9$1.run(PreferenceDialog.java:730) [org.eclipse.jface_3.10.1.v20140813-1009.jar:na]
	at org.eclipse.swt.custom.BusyIndicator.showWhile(BusyIndicator.java:70) [org.eclipse.swt.win32.win32.x86_64_3.103.1.v20140903-1947.jar:na]
	at org.eclipse.jface.preference.PreferenceDialog$9.selectionChanged(PreferenceDialog.java:725) [org.eclipse.jface_3.10.1.v20140813-1009.jar:na]
	at org.eclipse.jface.viewers.StructuredViewer$3.run(StructuredViewer.java:876) [org.eclipse.jface_3.10.1.v20140813-1009.jar:na]
	at org.eclipse.core.runtime.SafeRunner.run(SafeRunner.java:42) [org.eclipse.equinox.common_3.6.200.v20130402-1505.jar:na]
	at org.eclipse.ui.internal.JFaceUtil$1.run(JFaceUtil.java:50) [org.eclipse.ui.workbench_3.106.1.v20140827-1737.jar:na]
	at org.eclipse.jface.util.SafeRunnable.run(SafeRunnable.java:178) [org.eclipse.jface_3.10.1.v20140813-1009.jar:na]
	at org.eclipse.jface.viewers.StructuredViewer.firePostSelectionChanged(StructuredViewer.java:873) [org.eclipse.jface_3.10.1.v20140813-1009.jar:na]
	at org.eclipse.jface.viewers.StructuredViewer.handlePostSelect(StructuredViewer.java:1217) [org.eclipse.jface_3.10.1.v20140813-1009.jar:na]
	at org.eclipse.jface.viewers.StructuredViewer$5.widgetSelected(StructuredViewer.java:1243) [org.eclipse.jface_3.10.1.v20140813-1009.jar:na]
	at org.eclipse.jface.util.OpenStrategy.firePostSelectionEvent(OpenStrategy.java:265) [org.eclipse.jface_3.10.1.v20140813-1009.jar:na]
	at org.eclipse.jface.util.OpenStrategy.access$5(OpenStrategy.java:259) [org.eclipse.jface_3.10.1.v20140813-1009.jar:na]
	at org.eclipse.jface.util.OpenStrategy$1$2.run(OpenStrategy.java:440) [org.eclipse.jface_3.10.1.v20140813-1009.jar:na]
	at org.eclipse.swt.widgets.RunnableLock.run(RunnableLock.java:35) [org.eclipse.swt.win32.win32.x86_64_3.103.1.v20140903-1947.jar:na]
	at org.eclipse.swt.widgets.Synchronizer.runAsyncMessages(Synchronizer.java:136) [org.eclipse.swt.win32.win32.x86_64_3.103.1.v20140903-1947.jar:na]
	at org.eclipse.swt.widgets.Display.runAsyncMessages(Display.java:4147) [org.eclipse.swt.win32.win32.x86_64_3.103.1.v20140903-1947.jar:na]
	at org.eclipse.swt.widgets.Display.readAndDispatch(Display.java:3764) [org.eclipse.swt.win32.win32.x86_64_3.103.1.v20140903-1947.jar:na]
	at org.eclipse.jface.window.Window.runEventLoop(Window.java:832) [org.eclipse.jface_3.10.1.v20140813-1009.jar:na]
	at org.eclipse.jface.window.Window.open(Window.java:808) [org.eclipse.jface_3.10.1.v20140813-1009.jar:na]
	at org.eclipse.ui.internal.dialogs.WorkbenchPreferenceDialog.open(WorkbenchPreferenceDialog.java:221) [org.eclipse.ui.workbench_3.106.1.v20140827-1737.jar:na]
	at org.eclipse.equinox.p2.ui.ProvisioningUI.manipulateRepositories(ProvisioningUI.java:311) [org.eclipse.equinox.p2.ui_2.3.0.v20140404-1657.jar:na]
	at org.eclipse.equinox.internal.p2.ui.dialogs.RepositorySelectionGroup$7.runWithEvent(RepositorySelectionGroup.java:214) [org.eclipse.equinox.p2.ui_2.3.0.v20140404-1657.jar:na]
	at org.eclipse.equinox.internal.p2.ui.dialogs.RepositorySelectionGroup$11.handleEvent(RepositorySelectionGroup.java:392) [org.eclipse.equinox.p2.ui_2.3.0.v20140404-1657.jar:na]
	at org.eclipse.swt.widgets.EventTable.sendEvent(EventTable.java:84) [org.eclipse.swt.win32.win32.x86_64_3.103.1.v20140903-1947.jar:na]
	at org.eclipse.swt.widgets.Display.sendEvent(Display.java:4353) [org.eclipse.swt.win32.win32.x86_64_3.103.1.v20140903-1947.jar:na]
	at org.eclipse.swt.widgets.Widget.sendEvent(Widget.java:1061) [org.eclipse.swt.win32.win32.x86_64_3.103.1.v20140903-1947.jar:na]
	at org.eclipse.swt.widgets.Widget.sendEvent(Widget.java:1085) [org.eclipse.swt.win32.win32.x86_64_3.103.1.v20140903-1947.jar:na]
	at org.eclipse.swt.widgets.Widget.sendSelectionEvent(Widget.java:1102) [org.eclipse.swt.win32.win32.x86_64_3.103.1.v20140903-1947.jar:na]
	at org.eclipse.swt.widgets.Link.wmNotifyChild(Link.java:1086) [org.eclipse.swt.win32.win32.x86_64_3.103.1.v20140903-1947.jar:na]
	at org.eclipse.swt.widgets.Control.wmNotify(Control.java:5618) [org.eclipse.swt.win32.win32.x86_64_3.103.1.v20140903-1947.jar:na]
	at org.eclipse.swt.widgets.Composite.wmNotify(Composite.java:1935) [org.eclipse.swt.win32.win32.x86_64_3.103.1.v20140903-1947.jar:na]
	at org.eclipse.swt.widgets.Control.WM_NOTIFY(Control.java:5169) [org.eclipse.swt.win32.win32.x86_64_3.103.1.v20140903-1947.jar:na]
	at org.eclipse.swt.widgets.Control.windowProc(Control.java:4666) [org.eclipse.swt.win32.win32.x86_64_3.103.1.v20140903-1947.jar:na]
	at org.eclipse.swt.widgets.Display.windowProc(Display.java:5036) [org.eclipse.swt.win32.win32.x86_64_3.103.1.v20140903-1947.jar:na]
	at org.eclipse.swt.internal.win32.OS.CallWindowProcW(Native Method) [org.eclipse.swt.win32.win32.x86_64_3.103.1.v20140903-1947.jar:na]
	at org.eclipse.swt.internal.win32.OS.CallWindowProc(OS.java:2443) [org.eclipse.swt.win32.win32.x86_64_3.103.1.v20140903-1947.jar:na]
	at org.eclipse.swt.widgets.Link.callWindowProc(Link.java:172) [org.eclipse.swt.win32.win32.x86_64_3.103.1.v20140903-1947.jar:na]
	at org.eclipse.swt.widgets.Widget.wmLButtonUp(Widget.java:2079) [org.eclipse.swt.win32.win32.x86_64_3.103.1.v20140903-1947.jar:na]
	at org.eclipse.swt.widgets.Control.WM_LBUTTONUP(Control.java:4995) [org.eclipse.swt.win32.win32.x86_64_3.103.1.v20140903-1947.jar:na]
	at org.eclipse.swt.widgets.Link.WM_LBUTTONUP(Link.java:922) [org.eclipse.swt.win32.win32.x86_64_3.103.1.v20140903-1947.jar:na]
	at org.eclipse.swt.widgets.Control.windowProc(Control.java:4647) [org.eclipse.swt.win32.win32.x86_64_3.103.1.v20140903-1947.jar:na]
	at org.eclipse.swt.widgets.Display.windowProc(Display.java:5036) [org.eclipse.swt.win32.win32.x86_64_3.103.1.v20140903-1947.jar:na]
	at org.eclipse.swt.internal.win32.OS.DispatchMessageW(Native Method) [org.eclipse.swt.win32.win32.x86_64_3.103.1.v20140903-1947.jar:na]
	at org.eclipse.swt.internal.win32.OS.DispatchMessage(OS.java:2549) [org.eclipse.swt.win32.win32.x86_64_3.103.1.v20140903-1947.jar:na]
	at org.eclipse.swt.widgets.Display.readAndDispatch(Display.java:3759) [org.eclipse.swt.win32.win32.x86_64_3.103.1.v20140903-1947.jar:na]
	at org.eclipse.jface.window.Window.runEventLoop(Window.java:832) [org.eclipse.jface_3.10.1.v20140813-1009.jar:na]
	at org.eclipse.jface.window.Window.open(Window.java:808) [org.eclipse.jface_3.10.1.v20140813-1009.jar:na]
	at org.eclipse.equinox.p2.ui.ProvisioningUI.openInstallWizard(ProvisioningUI.java:226) [org.eclipse.equinox.p2.ui_2.3.0.v20140404-1657.jar:na]
	at org.eclipse.equinox.p2.ui.ProvisioningUI.openInstallWizard(ProvisioningUI.java:202) [org.eclipse.equinox.p2.ui_2.3.0.v20140404-1657.jar:na]
	at org.eclipse.equinox.internal.p2.ui.sdk.InstallNewSoftwareHandler.doExecute(InstallNewSoftwareHandler.java:31) [org.eclipse.equinox.p2.ui.sdk_1.0.300.v20140407-1803.jar:na]
	at org.eclipse.equinox.internal.p2.ui.sdk.PreloadingRepositoryHandler.doExecuteAndLoad(PreloadingRepositoryHandler.java:121) [org.eclipse.equinox.p2.ui.sdk_1.0.300.v20140407-1803.jar:na]
	at org.eclipse.equinox.internal.p2.ui.sdk.PreloadingRepositoryHandler$1.run(PreloadingRepositoryHandler.java:68) [org.eclipse.equinox.p2.ui.sdk_1.0.300.v20140407-1803.jar:na]
	at org.eclipse.swt.custom.BusyIndicator.showWhile(BusyIndicator.java:70) [org.eclipse.swt.win32.win32.x86_64_3.103.1.v20140903-1947.jar:na]
	at org.eclipse.equinox.internal.p2.ui.sdk.PreloadingRepositoryHandler.execute(PreloadingRepositoryHandler.java:66) [org.eclipse.equinox.p2.ui.sdk_1.0.300.v20140407-1803.jar:na]
	at org.eclipse.ui.internal.handlers.HandlerProxy.execute(HandlerProxy.java:294) [org.eclipse.ui.workbench_3.106.1.v20140827-1737.jar:na]
	at org.eclipse.ui.internal.handlers.E4HandlerProxy.execute(E4HandlerProxy.java:90) [org.eclipse.ui.workbench_3.106.1.v20140827-1737.jar:na]
	at sun.reflect.NativeMethodAccessorImpl.invoke0(Native Method) ~[na:1.8.0_25]
	at sun.reflect.NativeMethodAccessorImpl.invoke(Unknown Source) ~[na:1.8.0_25]
	at sun.reflect.DelegatingMethodAccessorImpl.invoke(Unknown Source) ~[na:1.8.0_25]
	at java.lang.reflect.Method.invoke(Unknown Source) ~[na:1.8.0_25]
	at org.eclipse.e4.core.internal.di.MethodRequestor.execute(MethodRequestor.java:55) [org.eclipse.e4.core.di_1.4.0.v20140414-1837.jar:na]
	at org.eclipse.e4.core.internal.di.InjectorImpl.invokeUsingClass(InjectorImpl.java:247) [org.eclipse.e4.core.di_1.4.0.v20140414-1837.jar:na]
	at org.eclipse.e4.core.internal.di.InjectorImpl.invoke(InjectorImpl.java:229) [org.eclipse.e4.core.di_1.4.0.v20140414-1837.jar:na]
	at org.eclipse.e4.core.contexts.ContextInjectionFactory.invoke(ContextInjectionFactory.java:132) [org.eclipse.e4.core.contexts_1.3.100.v20140407-1019.jar:na]
	at org.eclipse.e4.core.commands.internal.HandlerServiceHandler.execute(HandlerServiceHandler.java:149) [org.eclipse.e4.core.commands_0.10.2.v20140424-2344.jar:na]
	at org.eclipse.core.commands.Command.executeWithChecks(Command.java:499) [org.eclipse.core.commands_3.6.100.v20140528-1422.jar:na]
	at org.eclipse.core.commands.ParameterizedCommand.executeWithChecks(ParameterizedCommand.java:508) [org.eclipse.core.commands_3.6.100.v20140528-1422.jar:na]
	at org.eclipse.e4.core.commands.internal.HandlerServiceImpl.executeHandler(HandlerServiceImpl.java:210) [org.eclipse.e4.core.commands_0.10.2.v20140424-2344.jar:na]
	at org.eclipse.e4.ui.workbench.renderers.swt.HandledContributionItem.executeItem(HandledContributionItem.java:825) [org.eclipse.e4.ui.workbench.renderers.swt_0.12.1.v20140903-1023.jar:na]
	at org.eclipse.e4.ui.workbench.renderers.swt.HandledContributionItem.handleWidgetSelection(HandledContributionItem.java:701) [org.eclipse.e4.ui.workbench.renderers.swt_0.12.1.v20140903-1023.jar:na]
	at org.eclipse.e4.ui.workbench.renderers.swt.HandledContributionItem.access$6(HandledContributionItem.java:685) [org.eclipse.e4.ui.workbench.renderers.swt_0.12.1.v20140903-1023.jar:na]
	at org.eclipse.e4.ui.workbench.renderers.swt.HandledContributionItem$4.handleEvent(HandledContributionItem.java:613) [org.eclipse.e4.ui.workbench.renderers.swt_0.12.1.v20140903-1023.jar:na]
	at org.eclipse.swt.widgets.EventTable.sendEvent(EventTable.java:84) [org.eclipse.swt.win32.win32.x86_64_3.103.1.v20140903-1947.jar:na]
	at org.eclipse.swt.widgets.Display.sendEvent(Display.java:4353) [org.eclipse.swt.win32.win32.x86_64_3.103.1.v20140903-1947.jar:na]
	at org.eclipse.swt.widgets.Widget.sendEvent(Widget.java:1061) [org.eclipse.swt.win32.win32.x86_64_3.103.1.v20140903-1947.jar:na]
	at org.eclipse.swt.widgets.Display.runDeferredEvents(Display.java:4172) [org.eclipse.swt.win32.win32.x86_64_3.103.1.v20140903-1947.jar:na]
	at org.eclipse.swt.widgets.Display.readAndDispatch(Display.java:3761) [org.eclipse.swt.win32.win32.x86_64_3.103.1.v20140903-1947.jar:na]
	at org.eclipse.e4.ui.internal.workbench.swt.PartRenderingEngine$9.run(PartRenderingEngine.java:1151) [org.eclipse.e4.ui.workbench.swt_0.12.100.v20140530-1436.jar:na]
	at org.eclipse.core.databinding.observable.Realm.runWithDefault(Realm.java:332) [org.eclipse.core.databinding.observable_1.4.1.v20140210-1835.jar:na]
	at org.eclipse.e4.ui.internal.workbench.swt.PartRenderingEngine.run(PartRenderingEngine.java:1032) [org.eclipse.e4.ui.workbench.swt_0.12.100.v20140530-1436.jar:na]
	at org.eclipse.e4.ui.internal.workbench.E4Workbench.createAndRunUI(E4Workbench.java:148) [org.eclipse.e4.ui.workbench_1.2.1.v20140901-1244.jar:na]
	at org.eclipse.ui.internal.Workbench$5.run(Workbench.java:636) [org.eclipse.ui.workbench_3.106.1.v20140827-1737.jar:na]
	at org.eclipse.core.databinding.observable.Realm.runWithDefault(Realm.java:332) [org.eclipse.core.databinding.observable_1.4.1.v20140210-1835.jar:na]
	at org.eclipse.ui.internal.Workbench.createAndRunWorkbench(Workbench.java:579) [org.eclipse.ui.workbench_3.106.1.v20140827-1737.jar:na]
	at org.eclipse.ui.PlatformUI.createAndRunWorkbench(PlatformUI.java:150) [org.eclipse.ui.workbench_3.106.1.v20140827-1737.jar:na]
	at org.eclipse.ui.internal.ide.application.IDEApplication.start(IDEApplication.java:135) [org.eclipse.ui.ide.application_1.0.500.v20140514-2033.jar:na]
	at org.eclipse.equinox.internal.app.EclipseAppHandle.run(EclipseAppHandle.java:196) [org.eclipse.equinox.app_1.3.200.v20130910-1609.jar:na]
	at org.eclipse.core.runtime.internal.adaptor.EclipseAppLauncher.runApplication(EclipseAppLauncher.java:134) [org.eclipse.osgi_3.10.1.v20140909-1633.jar:na]
	at org.eclipse.core.runtime.internal.adaptor.EclipseAppLauncher.start(EclipseAppLauncher.java:104) [org.eclipse.osgi_3.10.1.v20140909-1633.jar:na]
	at org.eclipse.core.runtime.adaptor.EclipseStarter.run(EclipseStarter.java:380) [org.eclipse.osgi_3.10.1.v20140909-1633.jar:na]
	at org.eclipse.core.runtime.adaptor.EclipseStarter.run(EclipseStarter.java:235) [org.eclipse.osgi_3.10.1.v20140909-1633.jar:na]
	at sun.reflect.NativeMethodAccessorImpl.invoke0(Native Method) ~[na:1.8.0_25]
	at sun.reflect.NativeMethodAccessorImpl.invoke(Unknown Source) ~[na:1.8.0_25]
	at sun.reflect.DelegatingMethodAccessorImpl.invoke(Unknown Source) ~[na:1.8.0_25]
	at java.lang.reflect.Method.invoke(Unknown Source) ~[na:1.8.0_25]
	at org.eclipse.equinox.launcher.Main.invokeFramework(Main.java:648) [org.eclipse.equinox.launcher_1.3.0.v20140415-2008.jar:na]
	at org.eclipse.equinox.launcher.Main.basicRun(Main.java:603) [org.eclipse.equinox.launcher_1.3.0.v20140415-2008.jar:na]
	at org.eclipse.equinox.launcher.Main.run(Main.java:1465) [org.eclipse.equinox.launcher_1.3.0.v20140415-2008.jar:na]
	at org.eclipse.equinox.launcher.Main.main(Main.java:1438) [org.eclipse.equinox.launcher_1.3.0.v20140415-2008.jar:na]
